21:41:32,422 DEBUG devpinoyLogger<strong>{1}</strong>:55 - Config file Loaded***********
21:41:32,426 DEBUG devpinoyLogger<strong>{1}</strong>:69 - Object Repository file Loaded***********
21:41:35,100  INFO devpinoyLogger<strong>{1}</strong>:84 - Firefox  Launched ***********
21:41:38,189  INFO devpinoyLogger<strong>{1}</strong>:16 - Inside LoginTest   ***********
21:41:39,269  INFO devpinoyLogger<strong>{1}</strong>:18 - Login test success ***********
21:41:39,388 DEBUG devpinoyLogger<strong>{1}</strong>:21 - '''''''''Login Successfull'''''''''''
21:41:39,408 DEBUG freemarker.cache<strong>{1}</strong>:45 - Couldn't find template in cache for "Extent.ftl"("en_US", UTF-8, parsed); will try to load it.
21:41:39,409 DEBUG freemarker.cache<strong>{1}</strong>:45 - TemplateLoader.findTemplateSource("Extent_en_US.ftl"): Not found
21:41:39,410 DEBUG freemarker.cache<strong>{1}</strong>:45 - TemplateLoader.findTemplateSource("Extent_en.ftl"): Not found
21:41:39,410 DEBUG freemarker.cache<strong>{1}</strong>:45 - TemplateLoader.findTemplateSource("Extent.ftl"): Found
21:41:39,411 DEBUG freemarker.cache<strong>{1}</strong>:45 - Loading template for "Extent.ftl"("en_US", UTF-8, parsed) from "jar:file:/C:/Users/Shyam/.m2/repository/com/relevantcodes/extentreports/2.41.2/extentreports-2.41.2.jar!/com/relevantcodes/extentreports/view/Extent.ftl"
21:41:43,171 DEBUG freemarker.cache<strong>{1}</strong>:45 - Couldn't find template in cache for "Extent.ftl"("en_US", UTF-8, parsed); will try to load it.
21:41:43,172 DEBUG freemarker.cache<strong>{1}</strong>:45 - TemplateLoader.findTemplateSource("Extent_en_US.ftl"): Not found
21:41:43,172 DEBUG freemarker.cache<strong>{1}</strong>:45 - TemplateLoader.findTemplateSource("Extent_en.ftl"): Not found
21:41:43,173 DEBUG freemarker.cache<strong>{1}</strong>:45 - TemplateLoader.findTemplateSource("Extent.ftl"): Found
21:41:43,173 DEBUG freemarker.cache<strong>{1}</strong>:45 - Loading template for "Extent.ftl"("en_US", UTF-8, parsed) from "jar:file:/C:/Users/Shyam/.m2/repository/com/relevantcodes/extentreports/2.41.2/extentreports-2.41.2.jar!/com/relevantcodes/extentreports/view/Extent.ftl"
21:41:43,601 DEBUG freemarker.cache<strong>{1}</strong>:45 - Couldn't find template in cache for "Extent.ftl"("en_US", UTF-8, parsed); will try to load it.
21:41:43,606 DEBUG freemarker.cache<strong>{1}</strong>:45 - TemplateLoader.findTemplateSource("Extent_en_US.ftl"): Not found
21:41:43,606 DEBUG freemarker.cache<strong>{1}</strong>:45 - TemplateLoader.findTemplateSource("Extent_en.ftl"): Not found
21:41:43,606 DEBUG freemarker.cache<strong>{1}</strong>:45 - TemplateLoader.findTemplateSource("Extent.ftl"): Found
21:41:43,606 DEBUG freemarker.cache<strong>{1}</strong>:45 - Loading template for "Extent.ftl"("en_US", UTF-8, parsed) from "jar:file:/C:/Users/Shyam/.m2/repository/com/relevantcodes/extentreports/2.41.2/extentreports-2.41.2.jar!/com/relevantcodes/extentreports/view/Extent.ftl"
